2024-10-23 09:59:42,068 - INFO - Starting Fibonacci computation.
2024-10-23 09:59:42,068 - DEBUG - Initial values: a=0, b=1
2024-10-23 09:59:42,068 - DEBUG - Fibonacci(2) = 1
2024-10-23 09:59:42,068 - DEBUG - Fibonacci(3) = 2
2024-10-23 09:59:42,068 - DEBUG - Fibonacci(4) = 3
2024-10-23 09:59:42,068 - DEBUG - Fibonacci(5) = 5
2024-10-23 09:59:42,068 - DEBUG - Fibonacci(6) = 8
2024-10-23 09:59:42,068 - DEBUG - Fibonacci(7) = 13
2024-10-23 09:59:42,069 - DEBUG - Fibonacci(8) = 21
2024-10-23 09:59:42,069 - DEBUG - Fibonacci(9) = 34
2024-10-23 09:59:42,069 - DEBUG - Fibonacci(10) = 55
2024-10-23 09:59:42,069 - INFO - Fibonacci computation completed successfully.
2024-10-23 10:01:46,120 - INFO - Starting Fibonacci computation.
2024-10-23 10:01:46,120 - DEBUG - Initial values: a=0, b=1
2024-10-23 10:01:46,120 - DEBUG - Fibonacci(2) = 1
2024-10-23 10:01:46,120 - DEBUG - Fibonacci(3) = 2
2024-10-23 10:01:46,120 - DEBUG - Fibonacci(4) = 3
2024-10-23 10:01:46,120 - DEBUG - Fibonacci(5) = 5
2024-10-23 10:01:46,120 - DEBUG - Fibonacci(6) = 8
2024-10-23 10:01:46,120 - DEBUG - Fibonacci(7) = 13
2024-10-23 10:01:46,120 - DEBUG - Fibonacci(8) = 21
2024-10-23 10:01:46,120 - DEBUG - Fibonacci(9) = 34
2024-10-23 10:01:46,120 - DEBUG - Fibonacci(10) = 55
2024-10-23 10:01:46,120 - DEBUG - Fibonacci(11) = 89
2024-10-23 10:01:46,120 - INFO - Fibonacci computation completed successfully.
2024-10-23 10:01:57,905 - INFO - User exited the program.
